<?xml version="1.0" encoding="UTF-8"?>
<!-- Generated by org.testng.reporters.JUnitReportReporter -->
<testsuite hostname="LAPTOP-2O0EF0F7" failures="0" tests="12" name="Testcases.HomepageTestCases" time="14.956" errors="1" timestamp="2023-09-09T15:46:25 IST" skipped="2">
  <testcase classname="Testcases.HomepageTestCases" name="draggableItems" time="1.343"/>
  <testcase classname="Testcases.HomepageTestCases" name="SliderSearchBox" time="0.237"/>
  <testcase classname="Testcases.HomepageTestCases" name="TotalLinks" time="0.059"/>
  <testcase classname="Testcases.HomepageTestCases" name="AccordianClick" time="1.238"/>
  <testcase classname="Testcases.HomepageTestCases" name="ClickOnThemes" time="3.257"/>
  <testcase classname="Testcases.HomepageTestCases" name="AutoCompletetext" time="0.203"/>
  <testcase classname="Testcases.HomepageTestCases" name="RadioInsuranceButton" time="0.113"/>
  <testcase classname="Testcases.HomepageTestCases" name="JqueryUIiconClick" time="8.103"/>
  <testcase classname="Testcases.HomepageTestCases" name="ClickOnForwordScott" time="0.319"/>
  <testcase classname="Testcases.HomepageTestCases" name="ClickOnSignInBtn" time="0.084">
    <error message="Cannot invoke &quot;java.time.temporal.TemporalAmount.addTo(java.time.temporal.Temporal)&quot; because &quot;amountToAdd&quot; is null" type="java.lang.NullPointerException">
      <![CDATA[java.lang.NullPointerException: Cannot invoke "java.time.temporal.TemporalAmount.addTo(java.time.temporal.Temporal)" because "amountToAdd" is null
at java.base/java.time.Instant.plus(Instant.java:788)
at org.openqa.selenium.support.ui.FluentWait.until(FluentWait.java:200)
at Testcases.HomepageTestCases.ClickOnSignInBtn(HomepageTestCases.java:101)
at java.base/jdk.internal.reflect.NativeMethodAccessorImpl.invoke0(Native Method)
at java.base/jdk.internal.reflect.NativeMethodAccessorImpl.invoke(NativeMethodAccessorImpl.java:77)
at java.base/jdk.internal.reflect.DelegatingMethodAccessorImpl.invoke(DelegatingMethodAccessorImpl.java:43)
at java.base/java.lang.reflect.Method.invoke(Method.java:568)
at org.testng.internal.MethodInvocationHelper.invokeMethod(MethodInvocationHelper.java:133)
at org.testng.internal.TestInvoker.invokeMethod(TestInvoker.java:584)
at org.testng.internal.TestInvoker.invokeTestMethod(TestInvoker.java:172)
at org.testng.internal.MethodRunner.runInSequence(MethodRunner.java:46)
at org.testng.internal.TestInvoker$MethodInvocationAgent.invoke(TestInvoker.java:804)
at org.testng.internal.TestInvoker.invokeTestMethods(TestInvoker.java:145)
at org.testng.internal.TestMethodWorker.invokeTestMethods(TestMethodWorker.java:146)
at org.testng.internal.TestMethodWorker.run(TestMethodWorker.java:128)
at java.base/java.util.ArrayList.forEach(ArrayList.java:1511)
at org.testng.TestRunner.privateRun(TestRunner.java:770)
at org.testng.TestRunner.run(TestRunner.java:591)
at org.testng.SuiteRunner.runTest(SuiteRunner.java:402)
at org.testng.SuiteRunner.runSequentially(SuiteRunner.java:396)
at org.testng.SuiteRunner.privateRun(SuiteRunner.java:355)
at org.testng.SuiteRunner.run(SuiteRunner.java:304)
at org.testng.SuiteRunnerWorker.runSuite(SuiteRunnerWorker.java:53)
at org.testng.SuiteRunnerWorker.run(SuiteRunnerWorker.java:96)
at org.testng.TestNG.runSuitesSequentially(TestNG.java:1180)
at org.testng.TestNG.runSuitesLocally(TestNG.java:1102)
at org.testng.TestNG.runSuites(TestNG.java:1032)
at org.testng.TestNG.run(TestNG.java:1000)
at org.testng.remote.AbstractRemoteTestNG.run(AbstractRemoteTestNG.java:115)
at org.testng.remote.RemoteTestNG.initAndRun(RemoteTestNG.java:251)
at org.testng.remote.RemoteTestNG.main(RemoteTestNG.java:77)
]]>
    </error>
  </testcase> <!-- ClickOnSignInBtn -->
  <testcase classname="Testcases.HomepageTestCases" name="HoverToLinks">
    <skipped/>
  </testcase> <!-- HoverToLinks -->
  <testcase classname="Testcases.HomepageTestCases" name="DragBox">
    <skipped/>
  </testcase> <!-- DragBox -->
</testsuite> <!-- Testcases.HomepageTestCases -->
