<?xml version="1.0" encoding="UTF-8"?>
<!-- Generated by org.testng.reporters.JUnitReportReporter -->
<testsuite hostname="LAPTOP-2O0EF0F7" failures="0" tests="1" name="Testcases.HomepageTestCases" time="0.459" errors="0" timestamp="2023-09-07T19:07:39 IST" skipped="0">
  <testcase classname="Testcases.HomepageTestCases" name="AmazonSignInClick" time="0.459"/>
</testsuite> <!-- Testcases.HomepageTestCases -->
